{"C:\\Users\\Pablo\\Desktop\\AplicacionCafrilosa\\aplicacion\\backend\\services\\auth\\src\\auth\\auth.controller.ts": {"path":"C:\\Users\\Pablo\\Desktop\\AplicacionCafrilosa\\aplicacion\\backend\\services\\auth\\src\\auth\\auth.controller.ts","statementMap":{"0":{"start":{"line":1,"column":0},"end":{"line":1,"column":72}},"1":{"start":{"line":2,"column":0},"end":{"line":2,"column":59}},"2":{"start":{"line":5,"column":0},"end":{"line":5,"column":45}},"3":{"start":{"line":6,"column":0},"end":{"line":6,"column":68}},"4":{"start":{"line":7,"column":0},"end":{"line":7,"column":50}},"5":{"start":{"line":21,"column":7},"end":{"line":96,"column":null}},"6":{"start":{"line":22,"column":31},"end":{"line":22,"column":44}},"7":{"start":{"line":28,"column":4},"end":{"line":28,"column":42}},"8":{"start":{"line":36,"column":15},"end":{"line":36,"column":22}},"9":{"start":{"line":37,"column":22},"end":{"line":37,"column":44}},"10":{"start":{"line":38,"column":4},"end":{"line":38,"column":54}},"11":{"start":{"line":45,"column":15},"end":{"line":45,"column":22}},"12":{"start":{"line":46,"column":22},"end":{"line":46,"column":44}},"13":{"start":{"line":47,"column":4},"end":{"line":47,"column":93}},"14":{"start":{"line":54,"column":22},"end":{"line":54,"column":36}},"15":{"start":{"line":55,"column":15},"end":{"line":55,"column":22}},"16":{"start":{"line":56,"column":22},"end":{"line":56,"column":44}},"17":{"start":{"line":59,"column":25},"end":{"line":59,"column":44}},"18":{"start":{"line":61,"column":4},"end":{"line":61,"column":75}},"19":{"start":{"line":69,"column":22},"end":{"line":69,"column":36}},"20":{"start":{"line":70,"column":15},"end":{"line":70,"column":22}},"21":{"start":{"line":71,"column":22},"end":{"line":71,"column":44}},"22":{"start":{"line":74,"column":4},"end":{"line":74,"column":78}},"23":{"start":{"line":81,"column":4},"end":{"line":86,"column":6}},"24":{"start":{"line":93,"column":22},"end":{"line":93,"column":36}},"25":{"start":{"line":94,"column":4},"end":{"line":94,"column":85}},"26":{"start":{"line":21,"column":13},"end":{"line":21,"column":27}},"27":{"start":{"line":27,"column":2},"end":{"line":29,"column":null}},"28":{"start":{"line":34,"column":2},"end":{"line":39,"column":null}},"29":{"start":{"line":44,"column":2},"end":{"line":48,"column":null}},"30":{"start":{"line":53,"column":2},"end":{"line":62,"column":null}},"31":{"start":{"line":68,"column":2},"end":{"line":75,"column":null}},"32":{"start":{"line":80,"column":2},"end":{"line":87,"column":null}},"33":{"start":{"line":92,"column":2},"end":{"line":95,"column":null}},"34":{"start":{"line":21,"column":13},"end":{"line":96,"column":null}}},"fnMap":{"0":{"name":"(anonymous_4)","decl":{"start":{"line":22,"column":2},"end":{"line":22,"column":31}},"loc":{"start":{"line":22,"column":55},"end":{"line":22,"column":60}}},"1":{"name":"(anonymous_5)","decl":{"start":{"line":27,"column":2},"end":{"line":27,"column":11}},"loc":{"start":{"line":27,"column":41},"end":{"line":29,"column":3}}},"2":{"name":"(anonymous_6)","decl":{"start":{"line":34,"column":2},"end":{"line":34,"column":7}},"loc":{"start":{"line":34,"column":55},"end":{"line":39,"column":3}}},"3":{"name":"(anonymous_7)","decl":{"start":{"line":44,"column":2},"end":{"line":44,"column":9}},"loc":{"start":{"line":44,"column":65},"end":{"line":48,"column":3}}},"4":{"name":"(anonymous_8)","decl":{"start":{"line":53,"column":2},"end":{"line":53,"column":8}},"loc":{"start":{"line":53,"column":76},"end":{"line":62,"column":3}}},"5":{"name":"(anonymous_9)","decl":{"start":{"line":68,"column":2},"end":{"line":68,"column":11}},"loc":{"start":{"line":68,"column":36},"end":{"line":75,"column":3}}},"6":{"name":"(anonymous_10)","decl":{"start":{"line":80,"column":2},"end":{"line":80,"column":15}},"loc":{"start":{"line":80,"column":40},"end":{"line":87,"column":3}}},"7":{"name":"(anonymous_11)","decl":{"start":{"line":92,"column":2},"end":{"line":92,"column":22}},"loc":{"start":{"line":92,"column":84},"end":{"line":95,"column":3}}}},"branchMap":{},"s":{"0":1,"1":1,"2":1,"3":1,"4":1,"5":1,"6":14,"7":2,"8":3,"9":3,"10":3,"11":2,"12":2,"13":2,"14":2,"15":2,"16":2,"17":2,"18":2,"19":1,"20":1,"21":1,"22":1,"23":2,"24":1,"25":1,"26":1,"27":1,"28":1,"29":1,"30":1,"31":1,"32":1,"33":1,"34":1},"f":{"0":14,"1":2,"2":3,"3":2,"4":2,"5":1,"6":2,"7":1},"b":{}}
,"C:\\Users\\Pablo\\Desktop\\AplicacionCafrilosa\\aplicacion\\backend\\services\\auth\\src\\auth\\auth.service.ts": {"path":"C:\\Users\\Pablo\\Desktop\\AplicacionCafrilosa\\aplicacion\\backend\\services\\auth\\src\\auth\\auth.service.ts","statementMap":{"0":{"start":{"line":1,"column":0},"end":{"line":1,"column":115}},"1":{"start":{"line":2,"column":0},"end":{"line":2,"column":41}},"2":{"start":{"line":3,"column":0},"end":{"line":3,"column":51}},"3":{"start":{"line":4,"column":0},"end":{"line":4,"column":33}},"4":{"start":{"line":5,"column":0},"end":{"line":5,"column":37}},"5":{"start":{"line":7,"column":0},"end":{"line":7,"column":66}},"6":{"start":{"line":8,"column":0},"end":{"line":8,"column":65}},"7":{"start":{"line":9,"column":0},"end":{"line":9,"column":61}},"8":{"start":{"line":10,"column":0},"end":{"line":10,"column":47}},"9":{"start":{"line":11,"column":0},"end":{"line":11,"column":53}},"10":{"start":{"line":20,"column":28},"end":{"line":20,"column":87}},"11":{"start":{"line":26,"column":34},"end":{"line":26,"column":35}},"12":{"start":{"line":29,"column":24},"end":{"line":427,"column":null}},"13":{"start":{"line":33,"column":39},"end":{"line":33,"column":52}},"14":{"start":{"line":34,"column":36},"end":{"line":34,"column":46}},"15":{"start":{"line":35,"column":48},"end":{"line":35,"column":59}},"16":{"start":{"line":36,"column":43},"end":{"line":36,"column":60}},"17":{"start":{"line":37,"column":45},"end":{"line":37,"column":60}},"18":{"start":{"line":38,"column":21},"end":{"line":38,"column":33}},"19":{"start":{"line":30,"column":19},"end":{"line":30,"column":57}},"20":{"start":{"line":43,"column":14},"end":{"line":43,"column":47}},"21":{"start":{"line":44,"column":4},"end":{"line":44,"column":51}},"22":{"start":{"line":44,"column":28},"end":{"line":44,"column":51}},"23":{"start":{"line":45,"column":14},"end":{"line":45,"column":42}},"24":{"start":{"line":46,"column":4},"end":{"line":46,"column":39}},"25":{"start":{"line":46,"column":25},"end":{"line":46,"column":39}},"26":{"start":{"line":47,"column":4},"end":{"line":47,"column":41}},"27":{"start":{"line":47,"column":25},"end":{"line":47,"column":41}},"28":{"start":{"line":48,"column":4},"end":{"line":48,"column":42}},"29":{"start":{"line":48,"column":25},"end":{"line":48,"column":42}},"30":{"start":{"line":49,"column":4},"end":{"line":49,"column":34}},"31":{"start":{"line":53,"column":19},"end":{"line":53,"column":82}},"32":{"start":{"line":54,"column":4},"end":{"line":54,"column":67}},"33":{"start":{"line":54,"column":16},"end":{"line":54,"column":67}},"34":{"start":{"line":56,"column":16},"end":{"line":56,"column":73}},"35":{"start":{"line":57,"column":4},"end":{"line":57,"column":61}},"36":{"start":{"line":57,"column":14},"end":{"line":57,"column":61}},"37":{"start":{"line":59,"column":17},"end":{"line":59,"column":52}},"38":{"start":{"line":61,"column":25},"end":{"line":66,"column":6}},"39":{"start":{"line":68,"column":4},"end":{"line":68,"column":46}},"40":{"start":{"line":69,"column":4},"end":{"line":69,"column":66}},"41":{"start":{"line":73,"column":20},"end":{"line":76,"column":6}},"42":{"start":{"line":84,"column":26},"end":{"line":84,"column":70}},"43":{"start":{"line":85,"column":26},"end":{"line":85,"column":75}},"44":{"start":{"line":88,"column":39},"end":{"line":88,"column":43}},"45":{"start":{"line":89,"column":4},"end":{"line":93,"column":5}},"46":{"start":{"line":90,"column":6},"end":{"line":90,"column":39}},"47":{"start":{"line":91,"column":11},"end":{"line":93,"column":5}},"48":{"start":{"line":92,"column":6},"end":{"line":92,"column":41}},"49":{"start":{"line":95,"column":4},"end":{"line":108,"column":5}},"50":{"start":{"line":97,"column":6},"end":{"line":97,"column":98}},"51":{"start":{"line":99,"column":6},"end":{"line":104,"column":9}},"52":{"start":{"line":107,"column":6},"end":{"line":107,"column":64}},"53":{"start":{"line":110,"column":4},"end":{"line":112,"column":5}},"54":{"start":{"line":111,"column":6},"end":{"line":111,"column":61}},"55":{"start":{"line":115,"column":26},"end":{"line":115,"column":94}},"56":{"start":{"line":116,"column":22},"end":{"line":116,"column":59}},"57":{"start":{"line":117,"column":26},"end":{"line":117,"column":55}},"58":{"start":{"line":118,"column":25},"end":{"line":118,"column":90}},"59":{"start":{"line":121,"column":27},"end":{"line":121,"column":63}},"60":{"start":{"line":122,"column":23},"end":{"line":122,"column":60}},"61":{"start":{"line":123,"column":27},"end":{"line":123,"column":57}},"62":{"start":{"line":124,"column":26},"end":{"line":124,"column":93}},"63":{"start":{"line":127,"column":4},"end":{"line":134,"column":5}},"64":{"start":{"line":128,"column":6},"end":{"line":133,"column":19}},"65":{"start":{"line":137,"column":22},"end":{"line":137,"column":58}},"66":{"start":{"line":138,"column":18},"end":{"line":138,"column":28}},"67":{"start":{"line":139,"column":28},"end":{"line":139,"column":77}},"68":{"start":{"line":141,"column":24},"end":{"line":141,"column":46}},"69":{"start":{"line":142,"column":4},"end":{"line":142,"column":34}},"70":{"start":{"line":143,"column":4},"end":{"line":146,"column":5}},"71":{"start":{"line":144,"column":19},"end":{"line":144,"column":118}},"72":{"start":{"line":145,"column":6},"end":{"line":145,"column":47}},"73":{"start":{"line":145,"column":16},"end":{"line":145,"column":47}},"74":{"start":{"line":147,"column":4},"end":{"line":147,"column":39}},"75":{"start":{"line":148,"column":4},"end":{"line":148,"column":50}},"76":{"start":{"line":149,"column":4},"end":{"line":149,"column":32}},"77":{"start":{"line":150,"column":4},"end":{"line":150,"column":38}},"78":{"start":{"line":152,"column":4},"end":{"line":152,"column":43}},"79":{"start":{"line":155,"column":4},"end":{"line":155,"column":50}},"80":{"start":{"line":157,"column":4},"end":{"line":162,"column":7}},"81":{"start":{"line":164,"column":4},"end":{"line":164,"column":35}},"82":{"start":{"line":165,"column":4},"end":{"line":165,"column":41}},"83":{"start":{"line":167,"column":4},"end":{"line":167,"column":145}},"84":{"start":{"line":179,"column":24},"end":{"line":179,"column":25}},"85":{"start":{"line":181,"column":4},"end":{"line":206,"column":5}},"86":{"start":{"line":183,"column":21},"end":{"line":188,"column":18}},"87":{"start":{"line":190,"column":6},"end":{"line":190,"column":43}},"88":{"start":{"line":191,"column":6},"end":{"line":191,"column":96}},"89":{"start":{"line":192,"column":11},"end":{"line":206,"column":5}},"90":{"start":{"line":194,"column":22},"end":{"line":194,"column":107}},"91":{"start":{"line":195,"column":6},"end":{"line":205,"column":7}},"92":{"start":{"line":196,"column":22},"end":{"line":196,"column":70}},"93":{"start":{"line":197,"column":8},"end":{"line":204,"column":9}},"94":{"start":{"line":198,"column":10},"end":{"line":198,"column":28}},"95":{"start":{"line":199,"column":10},"end":{"line":199,"column":37}},"96":{"start":{"line":200,"column":10},"end":{"line":200,"column":39}},"97":{"start":{"line":201,"column":10},"end":{"line":201,"column":28}},"98":{"start":{"line":202,"column":10},"end":{"line":202,"column":87}},"99":{"start":{"line":203,"column":10},"end":{"line":203,"column":16}},"100":{"start":{"line":208,"column":4},"end":{"line":214,"column":7}},"101":{"start":{"line":216,"column":4},"end":{"line":219,"column":6}},"102":{"start":{"line":223,"column":24},"end":{"line":225,"column":6}},"103":{"start":{"line":227,"column":4},"end":{"line":237,"column":5}},"104":{"start":{"line":228,"column":6},"end":{"line":228,"column":44}},"105":{"start":{"line":229,"column":20},"end":{"line":229,"column":64}},"106":{"start":{"line":230,"column":6},"end":{"line":235,"column":35}},"107":{"start":{"line":236,"column":6},"end":{"line":236,"column":19}},"108":{"start":{"line":239,"column":18},"end":{"line":243,"column":30}},"109":{"start":{"line":244,"column":18},"end":{"line":244,"column":56}},"110":{"start":{"line":245,"column":4},"end":{"line":250,"column":33}},"111":{"start":{"line":251,"column":4},"end":{"line":251,"column":17}},"112":{"start":{"line":256,"column":20},"end":{"line":256,"column":71}},"113":{"start":{"line":257,"column":4},"end":{"line":259,"column":5}},"114":{"start":{"line":258,"column":6},"end":{"line":258,"column":56}},"115":{"start":{"line":260,"column":22},"end":{"line":260,"column":33}},"116":{"start":{"line":263,"column":23},"end":{"line":266,"column":6}},"117":{"start":{"line":268,"column":43},"end":{"line":268,"column":47}},"118":{"start":{"line":270,"column":4},"end":{"line":297,"column":5}},"119":{"start":{"line":271,"column":17},"end":{"line":271,"column":73}},"120":{"start":{"line":272,"column":6},"end":{"line":272,"column":24}},"121":{"start":{"line":272,"column":15},"end":{"line":272,"column":24}},"122":{"start":{"line":279,"column":6},"end":{"line":288,"column":7}},"123":{"start":{"line":280,"column":8},"end":{"line":282,"column":10}},"124":{"start":{"line":285,"column":8},"end":{"line":285,"column":51}},"125":{"start":{"line":287,"column":8},"end":{"line":287,"column":113}},"126":{"start":{"line":291,"column":6},"end":{"line":293,"column":7}},"127":{"start":{"line":292,"column":8},"end":{"line":292,"column":66}},"128":{"start":{"line":295,"column":6},"end":{"line":295,"column":18}},"129":{"start":{"line":296,"column":6},"end":{"line":296,"column":12}},"130":{"start":{"line":299,"column":4},"end":{"line":299,"column":76}},"131":{"start":{"line":299,"column":18},"end":{"line":299,"column":76}},"132":{"start":{"line":302,"column":4},"end":{"line":302,"column":28}},"133":{"start":{"line":303,"column":4},"end":{"line":303,"column":38}},"134":{"start":{"line":304,"column":4},"end":{"line":304,"column":39}},"135":{"start":{"line":306,"column":20},"end":{"line":306,"column":109}},"136":{"start":{"line":307,"column":4},"end":{"line":307,"column":75}},"137":{"start":{"line":307,"column":18},"end":{"line":307,"column":75}},"138":{"start":{"line":310,"column":22},"end":{"line":310,"column":59}},"139":{"start":{"line":311,"column":26},"end":{"line":311,"column":55}},"140":{"start":{"line":312,"column":26},"end":{"line":312,"column":94}},"141":{"start":{"line":313,"column":25},"end":{"line":313,"column":90}},"142":{"start":{"line":315,"column":23},"end":{"line":315,"column":60}},"143":{"start":{"line":316,"column":27},"end":{"line":316,"column":57}},"144":{"start":{"line":317,"column":26},"end":{"line":317,"column":115}},"145":{"start":{"line":320,"column":22},"end":{"line":320,"column":58}},"146":{"start":{"line":321,"column":18},"end":{"line":321,"column":40}},"147":{"start":{"line":322,"column":4},"end":{"line":322,"column":28}},"148":{"start":{"line":323,"column":4},"end":{"line":326,"column":5}},"149":{"start":{"line":324,"column":19},"end":{"line":324,"column":118}},"150":{"start":{"line":325,"column":6},"end":{"line":325,"column":41}},"151":{"start":{"line":325,"column":16},"end":{"line":325,"column":41}},"152":{"start":{"line":327,"column":4},"end":{"line":327,"column":33}},"153":{"start":{"line":328,"column":4},"end":{"line":328,"column":73}},"154":{"start":{"line":329,"column":4},"end":{"line":329,"column":26}},"155":{"start":{"line":330,"column":4},"end":{"line":330,"column":32}},"156":{"start":{"line":331,"column":4},"end":{"line":331,"column":39}},"157":{"start":{"line":333,"column":4},"end":{"line":333,"column":37}},"158":{"start":{"line":335,"column":4},"end":{"line":341,"column":7}},"159":{"start":{"line":343,"column":4},"end":{"line":343,"column":43}},"160":{"start":{"line":351,"column":25},"end":{"line":354,"column":6}},"161":{"start":{"line":356,"column":4},"end":{"line":368,"column":5}},"162":{"start":{"line":357,"column":29},"end":{"line":357,"column":99}},"163":{"start":{"line":359,"column":6},"end":{"line":363,"column":7}},"164":{"start":{"line":360,"column":8},"end":{"line":360,"column":30}},"165":{"start":{"line":361,"column":8},"end":{"line":361,"column":52}},"166":{"start":{"line":362,"column":8},"end":{"line":362,"column":41}},"167":{"start":{"line":365,"column":6},"end":{"line":367,"column":8}},"168":{"start":{"line":377,"column":4},"end":{"line":382,"column":17}},"169":{"start":{"line":385,"column":4},"end":{"line":393,"column":7}},"170":{"start":{"line":395,"column":4},"end":{"line":397,"column":6}},"171":{"start":{"line":402,"column":4},"end":{"line":402,"column":44}},"172":{"start":{"line":402,"column":34},"end":{"line":402,"column":44}},"173":{"start":{"line":404,"column":21},"end":{"line":416,"column":16}},"174":{"start":{"line":419,"column":4},"end":{"line":425,"column":8}},"175":{"start":{"line":419,"column":32},"end":{"line":425,"column":6}},"176":{"start":{"line":29,"column":13},"end":{"line":29,"column":24}},"177":{"start":{"line":29,"column":13},"end":{"line":427,"column":null}}},"fnMap":{"0":{"name":"(anonymous_13)","decl":{"start":{"line":32,"column":2},"end":{"line":32,"column":null}},"loc":{"start":{"line":38,"column":43},"end":{"line":39,"column":7}}},"1":{"name":"(anonymous_14)","decl":{"start":{"line":42,"column":10},"end":{"line":42,"column":23}},"loc":{"start":{"line":42,"column":33},"end":{"line":50,"column":3}}},"2":{"name":"(anonymous_15)","decl":{"start":{"line":52,"column":2},"end":{"line":52,"column":7}},"loc":{"start":{"line":52,"column":38},"end":{"line":70,"column":3}}},"3":{"name":"(anonymous_16)","decl":{"start":{"line":72,"column":2},"end":{"line":72,"column":7}},"loc":{"start":{"line":72,"column":79},"end":{"line":168,"column":3}}},"4":{"name":"(anonymous_17)","decl":{"start":{"line":178,"column":2},"end":{"line":178,"column":7}},"loc":{"start":{"line":178,"column":107},"end":{"line":220,"column":3}}},"5":{"name":"(anonymous_18)","decl":{"start":{"line":222,"column":2},"end":{"line":222,"column":7}},"loc":{"start":{"line":222,"column":79},"end":{"line":252,"column":3}}},"6":{"name":"(anonymous_19)","decl":{"start":{"line":254,"column":2},"end":{"line":254,"column":7}},"loc":{"start":{"line":254,"column":102},"end":{"line":344,"column":3}}},"7":{"name":"(anonymous_20)","decl":{"start":{"line":350,"column":10},"end":{"line":350,"column":15}},"loc":{"start":{"line":350,"column":56},"end":{"line":369,"column":3}}},"8":{"name":"(anonymous_21)","decl":{"start":{"line":375,"column":10},"end":{"line":375,"column":15}},"loc":{"start":{"line":375,"column":63},"end":{"line":398,"column":3}}},"9":{"name":"(anonymous_22)","decl":{"start":{"line":401,"column":2},"end":{"line":401,"column":7}},"loc":{"start":{"line":401,"column":43},"end":{"line":426,"column":3}}},"10":{"name":"(anonymous_23)","decl":{"start":{"line":419,"column":24},"end":{"line":419,"column":25}},"loc":{"start":{"line":419,"column":32},"end":{"line":425,"column":6}}}},"branchMap":{"0":{"loc":{"start":{"line":44,"column":4},"end":{"line":44,"column":51}},"type":"if","locations":[{"start":{"line":44,"column":4},"end":{"line":44,"column":51}}]},"1":{"loc":{"start":{"line":46,"column":4},"end":{"line":46,"column":39}},"type":"if","locations":[{"start":{"line":46,"column":4},"end":{"line":46,"column":39}}]},"2":{"loc":{"start":{"line":47,"column":4},"end":{"line":47,"column":41}},"type":"if","locations":[{"start":{"line":47,"column":4},"end":{"line":47,"column":41}}]},"3":{"loc":{"start":{"line":48,"column":4},"end":{"line":48,"column":42}},"type":"if","locations":[{"start":{"line":48,"column":4},"end":{"line":48,"column":42}}]},"4":{"loc":{"start":{"line":49,"column":11},"end":{"line":49,"column":33}},"type":"binary-expr","locations":[{"start":{"line":49,"column":11},"end":{"line":49,"column":26}},{"start":{"line":49,"column":30},"end":{"line":49,"column":33}}]},"5":{"loc":{"start":{"line":54,"column":4},"end":{"line":54,"column":67}},"type":"if","locations":[{"start":{"line":54,"column":4},"end":{"line":54,"column":67}}]},"6":{"loc":{"start":{"line":57,"column":4},"end":{"line":57,"column":61}},"type":"if","locations":[{"start":{"line":57,"column":4},"end":{"line":57,"column":61}}]},"7":{"loc":{"start":{"line":84,"column":26},"end":{"line":84,"column":70}},"type":"binary-expr","locations":[{"start":{"line":84,"column":26},"end":{"line":84,"column":47}},{"start":{"line":84,"column":51},"end":{"line":84,"column":70}}]},"8":{"loc":{"start":{"line":89,"column":4},"end":{"line":93,"column":5}},"type":"if","locations":[{"start":{"line":89,"column":4},"end":{"line":93,"column":5}},{"start":{"line":91,"column":11},"end":{"line":93,"column":5}}]},"9":{"loc":{"start":{"line":91,"column":11},"end":{"line":93,"column":5}},"type":"if","locations":[{"start":{"line":91,"column":11},"end":{"line":93,"column":5}}]},"10":{"loc":{"start":{"line":95,"column":4},"end":{"line":108,"column":5}},"type":"if","locations":[{"start":{"line":95,"column":4},"end":{"line":108,"column":5}}]},"11":{"loc":{"start":{"line":110,"column":4},"end":{"line":112,"column":5}},"type":"if","locations":[{"start":{"line":110,"column":4},"end":{"line":112,"column":5}}]},"12":{"loc":{"start":{"line":116,"column":22},"end":{"line":116,"column":59}},"type":"binary-expr","locations":[{"start":{"line":116,"column":22},"end":{"line":116,"column":50}},{"start":{"line":116,"column":54},"end":{"line":116,"column":59}}]},"13":{"loc":{"start":{"line":122,"column":23},"end":{"line":122,"column":60}},"type":"binary-expr","locations":[{"start":{"line":122,"column":23},"end":{"line":122,"column":52}},{"start":{"line":122,"column":56},"end":{"line":122,"column":60}}]},"14":{"loc":{"start":{"line":127,"column":4},"end":{"line":134,"column":5}},"type":"if","locations":[{"start":{"line":127,"column":4},"end":{"line":134,"column":5}}]},"15":{"loc":{"start":{"line":143,"column":4},"end":{"line":146,"column":5}},"type":"if","locations":[{"start":{"line":143,"column":4},"end":{"line":146,"column":5}}]},"16":{"loc":{"start":{"line":145,"column":6},"end":{"line":145,"column":47}},"type":"if","locations":[{"start":{"line":145,"column":6},"end":{"line":145,"column":47}}]},"17":{"loc":{"start":{"line":178,"column":90},"end":{"line":178,"column":107}},"type":"default-arg","locations":[{"start":{"line":178,"column":102},"end":{"line":178,"column":107}}]},"18":{"loc":{"start":{"line":181,"column":4},"end":{"line":206,"column":5}},"type":"if","locations":[{"start":{"line":181,"column":4},"end":{"line":206,"column":5}},{"start":{"line":192,"column":11},"end":{"line":206,"column":5}}]},"19":{"loc":{"start":{"line":190,"column":22},"end":{"line":190,"column":42}},"type":"binary-expr","locations":[{"start":{"line":190,"column":22},"end":{"line":190,"column":37}},{"start":{"line":190,"column":41},"end":{"line":190,"column":42}}]},"20":{"loc":{"start":{"line":192,"column":11},"end":{"line":206,"column":5}},"type":"if","locations":[{"start":{"line":192,"column":11},"end":{"line":206,"column":5}}]},"21":{"loc":{"start":{"line":197,"column":8},"end":{"line":204,"column":9}},"type":"if","locations":[{"start":{"line":197,"column":8},"end":{"line":204,"column":9}}]},"22":{"loc":{"start":{"line":210,"column":14},"end":{"line":210,"column":49}},"type":"cond-expr","locations":[{"start":{"line":210,"column":26},"end":{"line":210,"column":38}},{"start":{"line":210,"column":41},"end":{"line":210,"column":49}}]},"23":{"loc":{"start":{"line":217,"column":15},"end":{"line":217,"column":88}},"type":"cond-expr","locations":[{"start":{"line":217,"column":27},"end":{"line":217,"column":69}},{"start":{"line":217,"column":72},"end":{"line":217,"column":88}}]},"24":{"loc":{"start":{"line":227,"column":4},"end":{"line":237,"column":5}},"type":"if","locations":[{"start":{"line":227,"column":4},"end":{"line":237,"column":5}}]},"25":{"loc":{"start":{"line":257,"column":4},"end":{"line":259,"column":5}},"type":"if","locations":[{"start":{"line":257,"column":4},"end":{"line":259,"column":5}}]},"26":{"loc":{"start":{"line":257,"column":8},"end":{"line":257,"column":32}},"type":"binary-expr","locations":[{"start":{"line":257,"column":8},"end":{"line":257,"column":16}},{"start":{"line":257,"column":20},"end":{"line":257,"column":32}}]},"27":{"loc":{"start":{"line":272,"column":6},"end":{"line":272,"column":24}},"type":"if","locations":[{"start":{"line":272,"column":6},"end":{"line":272,"column":24}}]},"28":{"loc":{"start":{"line":279,"column":6},"end":{"line":288,"column":7}},"type":"if","locations":[{"start":{"line":279,"column":6},"end":{"line":288,"column":7}}]},"29":{"loc":{"start":{"line":279,"column":10},"end":{"line":279,"column":41}},"type":"binary-expr","locations":[{"start":{"line":279,"column":10},"end":{"line":279,"column":20}},{"start":{"line":279,"column":24},"end":{"line":279,"column":41}}]},"30":{"loc":{"start":{"line":291,"column":6},"end":{"line":293,"column":7}},"type":"if","locations":[{"start":{"line":291,"column":6},"end":{"line":293,"column":7}}]},"31":{"loc":{"start":{"line":291,"column":10},"end":{"line":291,"column":71}},"type":"binary-expr","locations":[{"start":{"line":291,"column":10},"end":{"line":291,"column":27}},{"start":{"line":291,"column":31},"end":{"line":291,"column":71}}]},"32":{"loc":{"start":{"line":299,"column":4},"end":{"line":299,"column":76}},"type":"if","locations":[{"start":{"line":299,"column":4},"end":{"line":299,"column":76}}]},"33":{"loc":{"start":{"line":307,"column":4},"end":{"line":307,"column":75}},"type":"if","locations":[{"start":{"line":307,"column":4},"end":{"line":307,"column":75}}]},"34":{"loc":{"start":{"line":310,"column":22},"end":{"line":310,"column":59}},"type":"binary-expr","locations":[{"start":{"line":310,"column":22},"end":{"line":310,"column":50}},{"start":{"line":310,"column":54},"end":{"line":310,"column":59}}]},"35":{"loc":{"start":{"line":315,"column":23},"end":{"line":315,"column":60}},"type":"binary-expr","locations":[{"start":{"line":315,"column":23},"end":{"line":315,"column":52}},{"start":{"line":315,"column":56},"end":{"line":315,"column":60}}]},"36":{"loc":{"start":{"line":323,"column":4},"end":{"line":326,"column":5}},"type":"if","locations":[{"start":{"line":323,"column":4},"end":{"line":326,"column":5}}]},"37":{"loc":{"start":{"line":325,"column":6},"end":{"line":325,"column":41}},"type":"if","locations":[{"start":{"line":325,"column":6},"end":{"line":325,"column":41}}]},"38":{"loc":{"start":{"line":356,"column":4},"end":{"line":368,"column":5}},"type":"if","locations":[{"start":{"line":356,"column":4},"end":{"line":368,"column":5}}]},"39":{"loc":{"start":{"line":402,"column":4},"end":{"line":402,"column":44}},"type":"if","locations":[{"start":{"line":402,"column":4},"end":{"line":402,"column":44}}]},"40":{"loc":{"start":{"line":402,"column":8},"end":{"line":402,"column":32}},"type":"binary-expr","locations":[{"start":{"line":402,"column":8},"end":{"line":402,"column":12}},{"start":{"line":402,"column":16},"end":{"line":402,"column":32}}]},"41":{"loc":{"start":{"line":424,"column":11},"end":{"line":424,"column":64}},"type":"cond-expr","locations":[{"start":{"line":424,"column":19},"end":{"line":424,"column":57}},{"start":{"line":424,"column":60},"end":{"line":424,"column":64}}]}},"s":{"0":2,"1":2,"2":2,"3":2,"4":2,"5":2,"6":2,"7":2,"8":2,"9":2,"10":2,"11":2,"12":2,"13":26,"14":26,"15":26,"16":26,"17":26,"18":26,"19":26,"20":16,"21":16,"22":0,"23":16,"24":16,"25":1,"26":15,"27":6,"28":9,"29":9,"30":0,"31":5,"32":5,"33":2,"34":3,"35":3,"36":2,"37":1,"38":1,"39":1,"40":1,"41":11,"42":11,"43":11,"44":11,"45":11,"46":1,"47":10,"48":2,"49":11,"50":3,"51":3,"52":3,"53":8,"54":2,"55":6,"56":6,"57":6,"58":6,"59":6,"60":6,"61":6,"62":6,"63":6,"64":1,"65":6,"66":6,"67":6,"68":6,"69":6,"70":6,"71":0,"72":0,"73":0,"74":6,"75":6,"76":6,"77":6,"78":6,"79":6,"80":6,"81":6,"82":6,"83":6,"84":3,"85":3,"86":1,"87":1,"88":1,"89":2,"90":2,"91":2,"92":2,"93":2,"94":2,"95":2,"96":2,"97":2,"98":2,"99":2,"100":3,"101":3,"102":2,"103":2,"104":1,"105":1,"106":1,"107":1,"108":1,"109":1,"110":1,"111":1,"112":8,"113":8,"114":2,"115":6,"116":6,"117":6,"118":6,"119":6,"120":6,"121":1,"122":5,"123":2,"124":2,"125":2,"126":3,"127":1,"128":2,"129":2,"130":3,"131":1,"132":2,"133":2,"134":2,"135":2,"136":2,"137":0,"138":2,"139":2,"140":2,"141":2,"142":2,"143":2,"144":2,"145":2,"146":2,"147":2,"148":2,"149":0,"150":0,"151":0,"152":2,"153":2,"154":2,"155":2,"156":2,"157":2,"158":2,"159":2,"160":6,"161":6,"162":0,"163":0,"164":0,"165":0,"166":0,"167":0,"168":2,"169":2,"170":2,"171":2,"172":1,"173":1,"174":1,"175":1,"176":2,"177":2},"f":{"0":26,"1":16,"2":5,"3":11,"4":3,"5":2,"6":8,"7":6,"8":2,"9":2,"10":1},"b":{"0":[0],"1":[1],"2":[6],"3":[9],"4":[0,0],"5":[2],"6":[2],"7":[11,1],"8":[1,10],"9":[2],"10":[3],"11":[2],"12":[6,0],"13":[6,0],"14":[1],"15":[0],"16":[0],"17":[2],"18":[1,2],"19":[1,0],"20":[2],"21":[2],"22":[1,2],"23":[1,2],"24":[1],"25":[2],"26":[8,6],"27":[1],"28":[2],"29":[5,4],"30":[1],"31":[3,3],"32":[1],"33":[0],"34":[2,0],"35":[2,0],"36":[0],"37":[0],"38":[0],"39":[1],"40":[2,2],"41":[1,0]}}
,"C:\\Users\\Pablo\\Desktop\\AplicacionCafrilosa\\aplicacion\\backend\\services\\auth\\src\\auth\\dto\\index.ts": {"path":"C:\\Users\\Pablo\\Desktop\\AplicacionCafrilosa\\aplicacion\\backend\\services\\auth\\src\\auth\\dto\\index.ts","statementMap":{"0":{"start":{"line":1,"column":0},"end":{"line":1,"column":28}},"1":{"start":{"line":2,"column":0},"end":{"line":2,"column":36}},"2":{"start":{"line":3,"column":0},"end":{"line":3,"column":37}}},"fnMap":{},"branchMap":{},"s":{"0":1,"1":1,"2":1},"f":{},"b":{}}
,"C:\\Users\\Pablo\\Desktop\\AplicacionCafrilosa\\aplicacion\\backend\\services\\auth\\src\\auth\\guards\\jwt.guard.ts": {"path":"C:\\Users\\Pablo\\Desktop\\AplicacionCafrilosa\\aplicacion\\backend\\services\\auth\\src\\auth\\guards\\jwt.guard.ts","statementMap":{"0":{"start":{"line":1,"column":0},"end":{"line":1,"column":98}},"1":{"start":{"line":2,"column":0},"end":{"line":2,"column":41}},"2":{"start":{"line":5,"column":7},"end":{"line":38,"column":null}},"3":{"start":{"line":6,"column":22},"end":{"line":6,"column":34}},"4":{"start":{"line":9,"column":20},"end":{"line":9,"column":55}},"5":{"start":{"line":10,"column":23},"end":{"line":10,"column":52}},"6":{"start":{"line":12,"column":4},"end":{"line":14,"column":5}},"7":{"start":{"line":13,"column":6},"end":{"line":13,"column":59}},"8":{"start":{"line":16,"column":18},"end":{"line":16,"column":39}},"9":{"start":{"line":17,"column":4},"end":{"line":19,"column":5}},"10":{"start":{"line":18,"column":6},"end":{"line":18,"column":77}},"11":{"start":{"line":21,"column":28},"end":{"line":21,"column":33}},"12":{"start":{"line":22,"column":4},"end":{"line":24,"column":5}},"13":{"start":{"line":23,"column":6},"end":{"line":23,"column":83}},"14":{"start":{"line":26,"column":4},"end":{"line":28,"column":5}},"15":{"start":{"line":27,"column":6},"end":{"line":27,"column":53}},"16":{"start":{"line":30,"column":4},"end":{"line":36,"column":5}},"17":{"start":{"line":31,"column":22},"end":{"line":31,"column":51}},"18":{"start":{"line":32,"column":6},"end":{"line":32,"column":29}},"19":{"start":{"line":33,"column":6},"end":{"line":33,"column":18}},"20":{"start":{"line":35,"column":6},"end":{"line":35,"column":95}},"21":{"start":{"line":5,"column":13},"end":{"line":5,"column":25}},"22":{"start":{"line":5,"column":13},"end":{"line":38,"column":null}}},"fnMap":{"0":{"name":"(anonymous_2)","decl":{"start":{"line":6,"column":2},"end":{"line":6,"column":22}},"loc":{"start":{"line":6,"column":44},"end":{"line":6,"column":49}}},"1":{"name":"(anonymous_3)","decl":{"start":{"line":8,"column":2},"end":{"line":8,"column":7}},"loc":{"start":{"line":8,"column":45},"end":{"line":37,"column":3}}}},"branchMap":{"0":{"loc":{"start":{"line":12,"column":4},"end":{"line":14,"column":5}},"type":"if","locations":[{"start":{"line":12,"column":4},"end":{"line":14,"column":5}}]},"1":{"loc":{"start":{"line":17,"column":4},"end":{"line":19,"column":5}},"type":"if","locations":[{"start":{"line":17,"column":4},"end":{"line":19,"column":5}}]},"2":{"loc":{"start":{"line":22,"column":4},"end":{"line":24,"column":5}},"type":"if","locations":[{"start":{"line":22,"column":4},"end":{"line":24,"column":5}}]},"3":{"loc":{"start":{"line":26,"column":4},"end":{"line":28,"column":5}},"type":"if","locations":[{"start":{"line":26,"column":4},"end":{"line":28,"column":5}}]},"4":{"loc":{"start":{"line":26,"column":8},"end":{"line":26,"column":36}},"type":"binary-expr","locations":[{"start":{"line":26,"column":8},"end":{"line":26,"column":14}},{"start":{"line":26,"column":18},"end":{"line":26,"column":36}}]}},"s":{"0":2,"1":2,"2":2,"3":40,"4":21,"5":21,"6":21,"7":2,"8":19,"9":19,"10":4,"11":15,"12":15,"13":2,"14":13,"15":2,"16":11,"17":11,"18":4,"19":4,"20":7,"21":2,"22":2},"f":{"0":40,"1":21},"b":{"0":[2],"1":[4],"2":[2],"3":[2],"4":[13,11]}}
,"C:\\Users\\Pablo\\Desktop\\AplicacionCafrilosa\\aplicacion\\backend\\services\\auth\\src\\auth\\strategies\\jwt.strategy.ts": {"path":"C:\\Users\\Pablo\\Desktop\\AplicacionCafrilosa\\aplicacion\\backend\\services\\auth\\src\\auth\\strategies\\jwt.strategy.ts","statementMap":{"0":{"start":{"line":1,"column":0},"end":{"line":1,"column":44}},"1":{"start":{"line":2,"column":0},"end":{"line":2,"column":52}},"2":{"start":{"line":3,"column":0},"end":{"line":3,"column":52}},"3":{"start":{"line":6,"column":7},"end":{"line":24,"column":null}},"4":{"start":{"line":8,"column":4},"end":{"line":12,"column":7}},"5":{"start":{"line":16,"column":4},"end":{"line":22,"column":6}},"6":{"start":{"line":6,"column":13},"end":{"line":6,"column":24}},"7":{"start":{"line":6,"column":13},"end":{"line":24,"column":null}}},"fnMap":{"0":{"name":"(anonymous_2)","decl":{"start":{"line":7,"column":2},"end":{"line":7,"column":null}},"loc":{"start":{"line":7,"column":2},"end":{"line":13,"column":3}}},"1":{"name":"(anonymous_3)","decl":{"start":{"line":15,"column":2},"end":{"line":15,"column":7}},"loc":{"start":{"line":15,"column":29},"end":{"line":23,"column":3}}}},"branchMap":{"0":{"loc":{"start":{"line":11,"column":19},"end":{"line":11,"column":67}},"type":"binary-expr","locations":[{"start":{"line":11,"column":19},"end":{"line":11,"column":41}},{"start":{"line":11,"column":45},"end":{"line":11,"column":67}}]}},"s":{"0":1,"1":1,"2":1,"3":1,"4":5,"5":4,"6":1,"7":1},"f":{"0":5,"1":4},"b":{"0":[5,0]}}
,"C:\\Users\\Pablo\\Desktop\\AplicacionCafrilosa\\aplicacion\\backend\\services\\auth\\src\\common\\filters\\index.ts": {"path":"C:\\Users\\Pablo\\Desktop\\AplicacionCafrilosa\\aplicacion\\backend\\services\\auth\\src\\common\\filters\\index.ts","statementMap":{"0":{"start":{"line":1,"column":0},"end":{"line":1,"column":44}}},"fnMap":{},"branchMap":{},"s":{"0":0},"f":{},"b":{}}
,"C:\\Users\\Pablo\\Desktop\\AplicacionCafrilosa\\aplicacion\\backend\\services\\auth\\src\\common\\filters\\throttle-exception.filter.ts": {"path":"C:\\Users\\Pablo\\Desktop\\AplicacionCafrilosa\\aplicacion\\backend\\services\\auth\\src\\common\\filters\\throttle-exception.filter.ts","statementMap":{"0":{"start":{"line":1,"column":0},"end":{"line":1,"column":91}},"1":{"start":{"line":2,"column":0},"end":{"line":2,"column":55}},"2":{"start":{"line":10,"column":37},"end":{"line":41,"column":null}},"3":{"start":{"line":11,"column":21},"end":{"line":11,"column":72}},"4":{"start":{"line":14,"column":20},"end":{"line":14,"column":39}},"5":{"start":{"line":15,"column":25},"end":{"line":15,"column":52}},"6":{"start":{"line":16,"column":24},"end":{"line":16,"column":49}},"7":{"start":{"line":17,"column":23},"end":{"line":17,"column":51}},"8":{"start":{"line":20,"column":19},"end":{"line":20,"column":75}},"9":{"start":{"line":21,"column":26},"end":{"line":21,"column":64}},"10":{"start":{"line":22,"column":21},"end":{"line":22,"column":33}},"11":{"start":{"line":23,"column":23},"end":{"line":23,"column":37}},"12":{"start":{"line":26,"column":34},"end":{"line":26,"column":36}},"13":{"start":{"line":29,"column":8},"end":{"line":31,"column":10}},"14":{"start":{"line":33,"column":8},"end":{"line":39,"column":11}},"15":{"start":{"line":10,"column":13},"end":{"line":10,"column":37}},"16":{"start":{"line":10,"column":13},"end":{"line":41,"column":null}}},"fnMap":{"0":{"name":"(anonymous_1)","decl":{"start":{"line":10,"column":7},"end":{"line":10,"column":13}},"loc":{"start":{"line":10,"column":7},"end":{"line":41,"column":1}}},"1":{"name":"(anonymous_2)","decl":{"start":{"line":13,"column":4},"end":{"line":13,"column":9}},"loc":{"start":{"line":13,"column":60},"end":{"line":40,"column":5}}}},"branchMap":{"0":{"loc":{"start":{"line":20,"column":19},"end":{"line":20,"column":75}},"type":"binary-expr","locations":[{"start":{"line":20,"column":19},"end":{"line":20,"column":29}},{"start":{"line":20,"column":33},"end":{"line":20,"column":62}},{"start":{"line":20,"column":66},"end":{"line":20,"column":75}}]},"1":{"loc":{"start":{"line":21,"column":26},"end":{"line":21,"column":64}},"type":"binary-expr","locations":[{"start":{"line":21,"column":26},"end":{"line":21,"column":51}},{"start":{"line":21,"column":55},"end":{"line":21,"column":64}}]}},"s":{"0":1,"1":1,"2":1,"3":7,"4":6,"5":6,"6":6,"7":6,"8":6,"9":6,"10":6,"11":6,"12":6,"13":6,"14":6,"15":1,"16":1},"f":{"0":7,"1":6},"b":{"0":[6,2,1],"1":[6,1]}}
,"C:\\Users\\Pablo\\Desktop\\AplicacionCafrilosa\\aplicacion\\backend\\services\\auth\\src\\common\\http\\service-http-client.service.ts": {"path":"C:\\Users\\Pablo\\Desktop\\AplicacionCafrilosa\\aplicacion\\backend\\services\\auth\\src\\common\\http\\service-http-client.service.ts","statementMap":{"0":{"start":{"line":1,"column":0},"end":{"line":1,"column":44}},"1":{"start":{"line":2,"column":0},"end":{"line":2,"column":null}},"2":{"start":{"line":11,"column":0},"end":{"line":11,"column":47}},"3":{"start":{"line":13,"column":0},"end":{"line":13,"column":38}},"4":{"start":{"line":22,"column":27},"end":{"line":22,"column":31}},"5":{"start":{"line":24,"column":55},"end":{"line":51,"column":2}},"6":{"start":{"line":54,"column":30},"end":{"line":249,"column":null}},"7":{"start":{"line":59,"column":21},"end":{"line":59,"column":34}},"8":{"start":{"line":60,"column":21},"end":{"line":60,"column":36}},"9":{"start":{"line":55,"column":19},"end":{"line":55,"column":63}},"10":{"start":{"line":56,"column":19},"end":{"line":56,"column":97}},"11":{"start":{"line":62,"column":4},"end":{"line":62,"column":31}},"12":{"start":{"line":70,"column":4},"end":{"line":70,"column":73}},"13":{"start":{"line":79,"column":4},"end":{"line":79,"column":69}},"14":{"start":{"line":88,"column":4},"end":{"line":88,"column":70}},"15":{"start":{"line":96,"column":4},"end":{"line":96,"column":76}},"16":{"start":{"line":106,"column":35},"end":{"line":106,"column":71}},"17":{"start":{"line":107,"column":27},"end":{"line":107,"column":71}},"18":{"start":{"line":108,"column":16},"end":{"line":108,"column":40}},"19":{"start":{"line":109,"column":20},"end":{"line":109,"column":57}},"20":{"start":{"line":110,"column":20},"end":{"line":110,"column":74}},"21":{"start":{"line":112,"column":39},"end":{"line":117,"column":6}},"22":{"start":{"line":119,"column":4},"end":{"line":121,"column":5}},"23":{"start":{"line":120,"column":6},"end":{"line":120,"column":25}},"24":{"start":{"line":123,"column":4},"end":{"line":128,"column":5}},"25":{"start":{"line":124,"column":23},"end":{"line":124,"column":80}},"26":{"start":{"line":125,"column":6},"end":{"line":125,"column":27}},"27":{"start":{"line":127,"column":6},"end":{"line":127,"column":70}},"28":{"start":{"line":132,"column":19},"end":{"line":132,"column":57}},"29":{"start":{"line":133,"column":4},"end":{"line":133,"column":30}},"30":{"start":{"line":133,"column":16},"end":{"line":133,"column":30}},"31":{"start":{"line":135,"column":4},"end":{"line":140,"column":5}},"32":{"start":{"line":136,"column":22},"end":{"line":136,"column":56}},"33":{"start":{"line":137,"column":23},"end":{"line":137,"column":71}},"34":{"start":{"line":138,"column":6},"end":{"line":138,"column":55}},"35":{"start":{"line":139,"column":6},"end":{"line":139,"column":22}},"36":{"start":{"line":142,"column":19},"end":{"line":142,"column":44}},"37":{"start":{"line":143,"column":4},"end":{"line":145,"column":5}},"38":{"start":{"line":144,"column":6},"end":{"line":144,"column":72}},"39":{"start":{"line":148,"column":6},"end":{"line":150,"column":23}},"40":{"start":{"line":152,"column":4},"end":{"line":156,"column":5}},"41":{"start":{"line":153,"column":6},"end":{"line":155,"column":8}},"42":{"start":{"line":158,"column":20},"end":{"line":158,"column":56}},"43":{"start":{"line":159,"column":21},"end":{"line":159,"column":70}},"44":{"start":{"line":160,"column":4},"end":{"line":160,"column":53}},"45":{"start":{"line":161,"column":4},"end":{"line":161,"column":20}},"46":{"start":{"line":165,"column":4},"end":{"line":165,"column":39}},"47":{"start":{"line":169,"column":4},"end":{"line":171,"column":5}},"48":{"start":{"line":170,"column":6},"end":{"line":170,"column":73}},"49":{"start":{"line":173,"column":23},"end":{"line":173,"column":47}},"50":{"start":{"line":174,"column":23},"end":{"line":174,"column":66}},"51":{"start":{"line":175,"column":25},"end":{"line":175,"column":29}},"52":{"start":{"line":177,"column":4},"end":{"line":181,"column":5}},"53":{"start":{"line":178,"column":6},"end":{"line":178,"column":60}},"54":{"start":{"line":179,"column":11},"end":{"line":181,"column":5}},"55":{"start":{"line":180,"column":6},"end":{"line":180,"column":47}},"56":{"start":{"line":183,"column":4},"end":{"line":183,"column":26}},"57":{"start":{"line":187,"column":44},"end":{"line":187,"column":72}},"58":{"start":{"line":188,"column":23},"end":{"line":188,"column":75}},"59":{"start":{"line":188,"column":57},"end":{"line":188,"column":74}},"60":{"start":{"line":189,"column":29},"end":{"line":189,"column":65}},"61":{"start":{"line":190,"column":27},"end":{"line":190,"column":62}},"62":{"start":{"line":192,"column":4},"end":{"line":197,"column":5}},"63":{"start":{"line":193,"column":20},"end":{"line":193,"column":96}},"64":{"start":{"line":194,"column":6},"end":{"line":196,"column":7}},"65":{"start":{"line":195,"column":8},"end":{"line":195,"column":50}},"66":{"start":{"line":199,"column":4},"end":{"line":201,"column":5}},"67":{"start":{"line":200,"column":6},"end":{"line":200,"column":51}},"68":{"start":{"line":203,"column":4},"end":{"line":203,"column":19}},"69":{"start":{"line":207,"column":23},"end":{"line":207,"column":42}},"70":{"start":{"line":209,"column":4},"end":{"line":211,"column":5}},"71":{"start":{"line":210,"column":6},"end":{"line":210,"column":82}},"72":{"start":{"line":213,"column":4},"end":{"line":220,"column":5}},"73":{"start":{"line":214,"column":21},"end":{"line":214,"column":47}},"74":{"start":{"line":215,"column":6},"end":{"line":215,"column":77}},"75":{"start":{"line":216,"column":6},"end":{"line":218,"column":7}},"76":{"start":{"line":217,"column":8},"end":{"line":217,"column":90}},"77":{"start":{"line":219,"column":6},"end":{"line":219,"column":90}},"78":{"start":{"line":222,"column":4},"end":{"line":225,"column":5}},"79":{"start":{"line":223,"column":6},"end":{"line":223,"column":86}},"80":{"start":{"line":224,"column":6},"end":{"line":224,"column":78}},"81":{"start":{"line":227,"column":4},"end":{"line":231,"column":7}},"82":{"start":{"line":232,"column":4},"end":{"line":232,"column":86}},"83":{"start":{"line":236,"column":4},"end":{"line":247,"column":7}},"84":{"start":{"line":238,"column":8},"end":{"line":240,"column":25}},"85":{"start":{"line":242,"column":6},"end":{"line":246,"column":7}},"86":{"start":{"line":243,"column":8},"end":{"line":245,"column":10}},"87":{"start":{"line":54,"column":13},"end":{"line":54,"column":30}},"88":{"start":{"line":54,"column":13},"end":{"line":249,"column":null}}},"fnMap":{"0":{"name":"(anonymous_2)","decl":{"start":{"line":58,"column":2},"end":{"line":58,"column":null}},"loc":{"start":{"line":60,"column":49},"end":{"line":63,"column":3}}},"1":{"name":"(anonymous_3)","decl":{"start":{"line":65,"column":2},"end":{"line":65,"column":7}},"loc":{"start":{"line":68,"column":35},"end":{"line":71,"column":3}}},"2":{"name":"(anonymous_4)","decl":{"start":{"line":73,"column":2},"end":{"line":73,"column":7}},"loc":{"start":{"line":77,"column":35},"end":{"line":80,"column":3}}},"3":{"name":"(anonymous_5)","decl":{"start":{"line":82,"column":2},"end":{"line":82,"column":7}},"loc":{"start":{"line":86,"column":35},"end":{"line":89,"column":3}}},"4":{"name":"(anonymous_6)","decl":{"start":{"line":91,"column":2},"end":{"line":91,"column":7}},"loc":{"start":{"line":94,"column":35},"end":{"line":97,"column":3}}},"5":{"name":"(anonymous_7)","decl":{"start":{"line":99,"column":10},"end":{"line":99,"column":15}},"loc":{"start":{"line":104,"column":30},"end":{"line":129,"column":3}}},"6":{"name":"(anonymous_8)","decl":{"start":{"line":131,"column":10},"end":{"line":131,"column":28}},"loc":{"start":{"line":131,"column":48},"end":{"line":162,"column":3}}},"7":{"name":"(anonymous_9)","decl":{"start":{"line":164,"column":10},"end":{"line":164,"column":26}},"loc":{"start":{"line":164,"column":42},"end":{"line":166,"column":3}}},"8":{"name":"(anonymous_10)","decl":{"start":{"line":168,"column":10},"end":{"line":168,"column":23}},"loc":{"start":{"line":168,"column":73},"end":{"line":184,"column":3}}},"9":{"name":"(anonymous_11)","decl":{"start":{"line":186,"column":10},"end":{"line":186,"column":22}},"loc":{"start":{"line":186,"column":80},"end":{"line":204,"column":3}}},"10":{"name":"(anonymous_12)","decl":{"start":{"line":188,"column":48},"end":{"line":188,"column":49}},"loc":{"start":{"line":188,"column":57},"end":{"line":188,"column":74}}},"11":{"name":"(anonymous_13)","decl":{"start":{"line":206,"column":10},"end":{"line":206,"column":26}},"loc":{"start":{"line":206,"column":76},"end":{"line":233,"column":3}}},"12":{"name":"(anonymous_14)","decl":{"start":{"line":235,"column":10},"end":{"line":235,"column":29}},"loc":{"start":{"line":235,"column":29},"end":{"line":248,"column":3}}},"13":{"name":"(anonymous_15)","decl":{"start":{"line":236,"column":41},"end":{"line":236,"column":42}},"loc":{"start":{"line":236,"column":67},"end":{"line":247,"column":5}}}},"branchMap":{"0":{"loc":{"start":{"line":68,"column":4},"end":{"line":68,"column":35}},"type":"default-arg","locations":[{"start":{"line":68,"column":33},"end":{"line":68,"column":35}}]},"1":{"loc":{"start":{"line":77,"column":4},"end":{"line":77,"column":35}},"type":"default-arg","locations":[{"start":{"line":77,"column":33},"end":{"line":77,"column":35}}]},"2":{"loc":{"start":{"line":86,"column":4},"end":{"line":86,"column":35}},"type":"default-arg","locations":[{"start":{"line":86,"column":33},"end":{"line":86,"column":35}}]},"3":{"loc":{"start":{"line":94,"column":4},"end":{"line":94,"column":35}},"type":"default-arg","locations":[{"start":{"line":94,"column":33},"end":{"line":94,"column":35}}]},"4":{"loc":{"start":{"line":109,"column":20},"end":{"line":109,"column":57}},"type":"binary-expr","locations":[{"start":{"line":109,"column":20},"end":{"line":109,"column":35}},{"start":{"line":109,"column":39},"end":{"line":109,"column":57}}]},"5":{"loc":{"start":{"line":119,"column":4},"end":{"line":121,"column":5}},"type":"if","locations":[{"start":{"line":119,"column":4},"end":{"line":121,"column":5}}]},"6":{"loc":{"start":{"line":133,"column":4},"end":{"line":133,"column":30}},"type":"if","locations":[{"start":{"line":133,"column":4},"end":{"line":133,"column":30}}]},"7":{"loc":{"start":{"line":135,"column":4},"end":{"line":140,"column":5}},"type":"if","locations":[{"start":{"line":135,"column":4},"end":{"line":140,"column":5}}]},"8":{"loc":{"start":{"line":135,"column":8},"end":{"line":135,"column":79}},"type":"binary-expr","locations":[{"start":{"line":135,"column":8},"end":{"line":135,"column":41}},{"start":{"line":135,"column":45},"end":{"line":135,"column":79}}]},"9":{"loc":{"start":{"line":143,"column":4},"end":{"line":145,"column":5}},"type":"if","locations":[{"start":{"line":143,"column":4},"end":{"line":145,"column":5}}]},"10":{"loc":{"start":{"line":148,"column":6},"end":{"line":150,"column":23}},"type":"binary-expr","locations":[{"start":{"line":148,"column":6},"end":{"line":148,"column":51}},{"start":{"line":149,"column":6},"end":{"line":149,"column":32}},{"start":{"line":150,"column":6},"end":{"line":150,"column":23}}]},"11":{"loc":{"start":{"line":152,"column":4},"end":{"line":156,"column":5}},"type":"if","locations":[{"start":{"line":152,"column":4},"end":{"line":156,"column":5}}]},"12":{"loc":{"start":{"line":169,"column":4},"end":{"line":171,"column":5}},"type":"if","locations":[{"start":{"line":169,"column":4},"end":{"line":171,"column":5}}]},"13":{"loc":{"start":{"line":174,"column":23},"end":{"line":174,"column":66}},"type":"binary-expr","locations":[{"start":{"line":174,"column":23},"end":{"line":174,"column":38}},{"start":{"line":174,"column":42},"end":{"line":174,"column":66}}]},"14":{"loc":{"start":{"line":177,"column":4},"end":{"line":181,"column":5}},"type":"if","locations":[{"start":{"line":177,"column":4},"end":{"line":181,"column":5}},{"start":{"line":179,"column":11},"end":{"line":181,"column":5}}]},"15":{"loc":{"start":{"line":177,"column":8},"end":{"line":177,"column":32}},"type":"binary-expr","locations":[{"start":{"line":177,"column":8},"end":{"line":177,"column":18}},{"start":{"line":177,"column":22},"end":{"line":177,"column":32}}]},"16":{"loc":{"start":{"line":179,"column":11},"end":{"line":181,"column":5}},"type":"if","locations":[{"start":{"line":179,"column":11},"end":{"line":181,"column":5}}]},"17":{"loc":{"start":{"line":179,"column":15},"end":{"line":179,"column":54}},"type":"binary-expr","locations":[{"start":{"line":179,"column":15},"end":{"line":179,"column":26}},{"start":{"line":179,"column":30},"end":{"line":179,"column":39}},{"start":{"line":179,"column":43},"end":{"line":179,"column":54}}]},"18":{"loc":{"start":{"line":187,"column":50},"end":{"line":187,"column":69}},"type":"binary-expr","locations":[{"start":{"line":187,"column":50},"end":{"line":187,"column":63}},{"start":{"line":187,"column":67},"end":{"line":187,"column":69}}]},"19":{"loc":{"start":{"line":192,"column":4},"end":{"line":197,"column":5}},"type":"if","locations":[{"start":{"line":192,"column":4},"end":{"line":197,"column":5}}]},"20":{"loc":{"start":{"line":193,"column":20},"end":{"line":193,"column":96}},"type":"binary-expr","locations":[{"start":{"line":193,"column":20},"end":{"line":193,"column":67}},{"start":{"line":193,"column":71},"end":{"line":193,"column":96}}]},"21":{"loc":{"start":{"line":194,"column":6},"end":{"line":196,"column":7}},"type":"if","locations":[{"start":{"line":194,"column":6},"end":{"line":196,"column":7}}]},"22":{"loc":{"start":{"line":199,"column":4},"end":{"line":201,"column":5}},"type":"if","locations":[{"start":{"line":199,"column":4},"end":{"line":201,"column":5}}]},"23":{"loc":{"start":{"line":199,"column":8},"end":{"line":199,"column":34}},"type":"binary-expr","locations":[{"start":{"line":199,"column":8},"end":{"line":199,"column":15}},{"start":{"line":199,"column":19},"end":{"line":199,"column":34}}]},"24":{"loc":{"start":{"line":209,"column":4},"end":{"line":211,"column":5}},"type":"if","locations":[{"start":{"line":209,"column":4},"end":{"line":211,"column":5}}]},"25":{"loc":{"start":{"line":213,"column":4},"end":{"line":220,"column":5}},"type":"if","locations":[{"start":{"line":213,"column":4},"end":{"line":220,"column":5}}]},"26":{"loc":{"start":{"line":216,"column":6},"end":{"line":218,"column":7}},"type":"if","locations":[{"start":{"line":216,"column":6},"end":{"line":218,"column":7}}]},"27":{"loc":{"start":{"line":222,"column":4},"end":{"line":225,"column":5}},"type":"if","locations":[{"start":{"line":222,"column":4},"end":{"line":225,"column":5}}]},"28":{"loc":{"start":{"line":230,"column":13},"end":{"line":230,"column":41}},"type":"binary-expr","locations":[{"start":{"line":230,"column":13},"end":{"line":230,"column":32}},{"start":{"line":230,"column":36},"end":{"line":230,"column":41}}]},"29":{"loc":{"start":{"line":238,"column":8},"end":{"line":240,"column":25}},"type":"binary-expr","locations":[{"start":{"line":238,"column":8},"end":{"line":238,"column":53}},{"start":{"line":239,"column":8},"end":{"line":239,"column":34}},{"start":{"line":240,"column":8},"end":{"line":240,"column":25}}]},"30":{"loc":{"start":{"line":242,"column":6},"end":{"line":246,"column":7}},"type":"if","locations":[{"start":{"line":242,"column":6},"end":{"line":246,"column":7}}]},"31":{"loc":{"start":{"line":242,"column":10},"end":{"line":242,"column":49}},"type":"binary-expr","locations":[{"start":{"line":242,"column":10},"end":{"line":242,"column":24}},{"start":{"line":242,"column":28},"end":{"line":242,"column":49}}]}},"s":{"0":1,"1":1,"2":1,"3":1,"4":1,"5":1,"6":1,"7":16,"8":16,"9":16,"10":16,"11":16,"12":12,"13":1,"14":1,"15":1,"16":15,"17":14,"18":13,"19":13,"20":13,"21":13,"22":13,"23":2,"24":13,"25":13,"26":8,"27":5,"28":15,"29":15,"30":0,"31":15,"32":1,"33":1,"34":1,"35":1,"36":14,"37":14,"38":1,"39":13,"40":13,"41":0,"42":13,"43":13,"44":13,"45":13,"46":14,"47":14,"48":1,"49":13,"50":13,"51":13,"52":13,"53":0,"54":13,"55":0,"56":13,"57":13,"58":13,"59":1,"60":13,"61":13,"62":13,"63":12,"64":12,"65":12,"66":13,"67":2,"68":13,"69":5,"70":5,"71":1,"72":4,"73":2,"74":2,"75":2,"76":1,"77":1,"78":2,"79":1,"80":1,"81":1,"82":1,"83":16,"84":96,"85":96,"86":0,"87":1,"88":1},"f":{"0":16,"1":12,"2":1,"3":1,"4":1,"5":15,"6":15,"7":14,"8":14,"9":13,"10":1,"11":5,"12":16,"13":96},"b":{"0":[10],"1":[1],"2":[1],"3":[1],"4":[13,12],"5":[2],"6":[0],"7":[1],"8":[15,14],"9":[1],"10":[13,0,0],"11":[0],"12":[1],"13":[13,13],"14":[0,13],"15":[13,0],"16":[0],"17":[13,13,0],"18":[13,12],"19":[12],"20":[12,0],"21":[12],"22":[2],"23":[13,2],"24":[1],"25":[2],"26":[1],"27":[1],"28":[1,0],"29":[96,0,0],"30":[0],"31":[96,96]}}
,"C:\\Users\\Pablo\\Desktop\\AplicacionCafrilosa\\aplicacion\\backend\\services\\auth\\src\\config\\app.config.ts": {"path":"C:\\Users\\Pablo\\Desktop\\AplicacionCafrilosa\\aplicacion\\backend\\services\\auth\\src\\config\\app.config.ts","statementMap":{"0":{"start":{"line":1,"column":0},"end":{"line":1,"column":44}},"1":{"start":{"line":3,"column":0},"end":{"line":6,"column":4}},"2":{"start":{"line":3,"column":40},"end":{"line":6,"column":2}}},"fnMap":{"0":{"name":"(anonymous_0)","decl":{"start":{"line":3,"column":33},"end":{"line":3,"column":36}},"loc":{"start":{"line":3,"column":40},"end":{"line":6,"column":2}}}},"branchMap":{"0":{"loc":{"start":{"line":5,"column":8},"end":{"line":5,"column":46}},"type":"binary-expr","locations":[{"start":{"line":5,"column":8},"end":{"line":5,"column":38}},{"start":{"line":5,"column":42},"end":{"line":5,"column":46}}]}},"s":{"0":0,"1":0,"2":0},"f":{"0":0},"b":{"0":[0,0]}}
,"C:\\Users\\Pablo\\Desktop\\AplicacionCafrilosa\\aplicacion\\backend\\services\\auth\\src\\config\\database.config.ts": {"path":"C:\\Users\\Pablo\\Desktop\\AplicacionCafrilosa\\aplicacion\\backend\\services\\auth\\src\\config\\database.config.ts","statementMap":{"0":{"start":{"line":1,"column":0},"end":{"line":1,"column":44}},"1":{"start":{"line":3,"column":0},"end":{"line":6,"column":4}},"2":{"start":{"line":3,"column":45},"end":{"line":6,"column":2}}},"fnMap":{"0":{"name":"(anonymous_0)","decl":{"start":{"line":3,"column":38},"end":{"line":3,"column":41}},"loc":{"start":{"line":3,"column":45},"end":{"line":6,"column":2}}}},"branchMap":{"0":{"loc":{"start":{"line":5,"column":8},"end":{"line":5,"column":55}},"type":"binary-expr","locations":[{"start":{"line":5,"column":8},"end":{"line":5,"column":47}},{"start":{"line":5,"column":51},"end":{"line":5,"column":55}}]}},"s":{"0":0,"1":0,"2":0},"f":{"0":0},"b":{"0":[0,0]}}
,"C:\\Users\\Pablo\\Desktop\\AplicacionCafrilosa\\aplicacion\\backend\\services\\auth\\src\\config\\jwt.config.ts": {"path":"C:\\Users\\Pablo\\Desktop\\AplicacionCafrilosa\\aplicacion\\backend\\services\\auth\\src\\config\\jwt.config.ts","statementMap":{"0":{"start":{"line":1,"column":0},"end":{"line":1,"column":44}},"1":{"start":{"line":3,"column":0},"end":{"line":6,"column":4}},"2":{"start":{"line":3,"column":40},"end":{"line":6,"column":2}}},"fnMap":{"0":{"name":"(anonymous_0)","decl":{"start":{"line":3,"column":33},"end":{"line":3,"column":36}},"loc":{"start":{"line":3,"column":40},"end":{"line":6,"column":2}}}},"branchMap":{},"s":{"0":0,"1":0,"2":0},"f":{"0":0},"b":{}}
,"C:\\Users\\Pablo\\Desktop\\AplicacionCafrilosa\\aplicacion\\backend\\services\\auth\\src\\config\\validation.schema.ts": {"path":"C:\\Users\\Pablo\\Desktop\\AplicacionCafrilosa\\aplicacion\\backend\\services\\auth\\src\\config\\validation.schema.ts","statementMap":{"0":{"start":{"line":1,"column":0},"end":{"line":1,"column":27}},"1":{"start":{"line":7,"column":13},"end":{"line":37,"column":3}}},"fnMap":{},"branchMap":{},"s":{"0":0,"1":0},"f":{},"b":{}}
,"C:\\Users\\Pablo\\Desktop\\AplicacionCafrilosa\\aplicacion\\backend\\services\\auth\\src\\health\\health.controller.ts": {"path":"C:\\Users\\Pablo\\Desktop\\AplicacionCafrilosa\\aplicacion\\backend\\services\\auth\\src\\health\\health.controller.ts","statementMap":{"0":{"start":{"line":1,"column":0},"end":{"line":1,"column":49}},"1":{"start":{"line":2,"column":0},"end":{"line":2,"column":49}},"2":{"start":{"line":5,"column":7},"end":{"line":12,"column":null}},"3":{"start":{"line":6,"column":31},"end":{"line":6,"column":46}},"4":{"start":{"line":10,"column":4},"end":{"line":10,"column":38}},"5":{"start":{"line":5,"column":13},"end":{"line":5,"column":29}},"6":{"start":{"line":9,"column":2},"end":{"line":11,"column":null}},"7":{"start":{"line":5,"column":13},"end":{"line":12,"column":null}}},"fnMap":{"0":{"name":"(anonymous_2)","decl":{"start":{"line":6,"column":2},"end":{"line":6,"column":31}},"loc":{"start":{"line":6,"column":59},"end":{"line":6,"column":63}}},"1":{"name":"(anonymous_3)","decl":{"start":{"line":9,"column":2},"end":{"line":9,"column":7}},"loc":{"start":{"line":9,"column":7},"end":{"line":11,"column":3}}}},"branchMap":{},"s":{"0":1,"1":1,"2":1,"3":3,"4":2,"5":1,"6":1,"7":1},"f":{"0":3,"1":2},"b":{}}
,"C:\\Users\\Pablo\\Desktop\\AplicacionCafrilosa\\aplicacion\\backend\\services\\auth\\src\\health\\health.service.ts": {"path":"C:\\Users\\Pablo\\Desktop\\AplicacionCafrilosa\\aplicacion\\backend\\services\\auth\\src\\health\\health.service.ts","statementMap":{"0":{"start":{"line":1,"column":0},"end":{"line":1,"column":44}},"1":{"start":{"line":4,"column":7},"end":{"line":8,"column":null}},"2":{"start":{"line":6,"column":4},"end":{"line":6,"column":28}},"3":{"start":{"line":4,"column":13},"end":{"line":4,"column":26}},"4":{"start":{"line":4,"column":13},"end":{"line":8,"column":null}}},"fnMap":{"0":{"name":"(anonymous_1)","decl":{"start":{"line":5,"column":2},"end":{"line":5,"column":7}},"loc":{"start":{"line":5,"column":7},"end":{"line":7,"column":3}}}},"branchMap":{},"s":{"0":2,"1":2,"2":2,"3":2,"4":2},"f":{"0":2},"b":{}}
}
