TN:
SF:src\auth\auth.controller.ts
FN:22,(anonymous_4)
FN:27,(anonymous_5)
FN:34,(anonymous_6)
FN:44,(anonymous_7)
FN:53,(anonymous_8)
FN:68,(anonymous_9)
FN:80,(anonymous_10)
FN:92,(anonymous_11)
FNF:8
FNH:8
FNDA:14,(anonymous_4)
FNDA:2,(anonymous_5)
FNDA:3,(anonymous_6)
FNDA:2,(anonymous_7)
FNDA:2,(anonymous_8)
FNDA:1,(anonymous_9)
FNDA:2,(anonymous_10)
FNDA:1,(anonymous_11)
DA:1,1
DA:2,1
DA:5,1
DA:6,1
DA:7,1
DA:21,1
DA:22,14
DA:27,1
DA:28,2
DA:34,1
DA:36,3
DA:37,3
DA:38,3
DA:44,1
DA:45,2
DA:46,2
DA:47,2
DA:53,1
DA:54,2
DA:55,2
DA:56,2
DA:59,2
DA:61,2
DA:68,1
DA:69,1
DA:70,1
DA:71,1
DA:74,1
DA:80,1
DA:81,2
DA:92,1
DA:93,1
DA:94,1
LF:33
LH:33
BRF:0
BRH:0
end_of_record
TN:
SF:src\auth\auth.service.ts
FN:32,(anonymous_13)
FN:42,(anonymous_14)
FN:52,(anonymous_15)
FN:72,(anonymous_16)
FN:178,(anonymous_17)
FN:222,(anonymous_18)
FN:254,(anonymous_19)
FN:350,(anonymous_20)
FN:375,(anonymous_21)
FN:401,(anonymous_22)
FN:419,(anonymous_23)
FNF:11
FNH:11
FNDA:26,(anonymous_13)
FNDA:16,(anonymous_14)
FNDA:5,(anonymous_15)
FNDA:11,(anonymous_16)
FNDA:3,(anonymous_17)
FNDA:2,(anonymous_18)
FNDA:8,(anonymous_19)
FNDA:6,(anonymous_20)
FNDA:2,(anonymous_21)
FNDA:2,(anonymous_22)
FNDA:1,(anonymous_23)
DA:1,2
DA:2,2
DA:3,2
DA:4,2
DA:5,2
DA:7,2
DA:8,2
DA:9,2
DA:10,2
DA:11,2
DA:20,2
DA:26,2
DA:29,2
DA:30,26
DA:33,26
DA:34,26
DA:35,26
DA:36,26
DA:37,26
DA:38,26
DA:43,16
DA:44,16
DA:45,16
DA:46,16
DA:47,15
DA:48,9
DA:49,0
DA:53,5
DA:54,5
DA:56,3
DA:57,3
DA:59,1
DA:61,1
DA:68,1
DA:69,1
DA:73,11
DA:84,11
DA:85,11
DA:88,11
DA:89,11
DA:90,1
DA:91,10
DA:92,2
DA:95,11
DA:97,3
DA:99,3
DA:107,3
DA:110,8
DA:111,2
DA:115,6
DA:116,6
DA:117,6
DA:118,6
DA:121,6
DA:122,6
DA:123,6
DA:124,6
DA:127,6
DA:128,1
DA:137,6
DA:138,6
DA:139,6
DA:141,6
DA:142,6
DA:143,6
DA:144,0
DA:145,0
DA:147,6
DA:148,6
DA:149,6
DA:150,6
DA:152,6
DA:155,6
DA:157,6
DA:164,6
DA:165,6
DA:167,6
DA:179,3
DA:181,3
DA:183,1
DA:190,1
DA:191,1
DA:192,2
DA:194,2
DA:195,2
DA:196,2
DA:197,2
DA:198,2
DA:199,2
DA:200,2
DA:201,2
DA:202,2
DA:203,2
DA:208,3
DA:216,3
DA:223,2
DA:227,2
DA:228,1
DA:229,1
DA:230,1
DA:236,1
DA:239,1
DA:244,1
DA:245,1
DA:251,1
DA:256,8
DA:257,8
DA:258,2
DA:260,6
DA:263,6
DA:268,6
DA:270,6
DA:271,6
DA:272,6
DA:279,5
DA:280,2
DA:285,2
DA:287,2
DA:291,3
DA:292,1
DA:295,2
DA:296,2
DA:299,3
DA:302,2
DA:303,2
DA:304,2
DA:306,2
DA:307,2
DA:310,2
DA:311,2
DA:312,2
DA:313,2
DA:315,2
DA:316,2
DA:317,2
DA:320,2
DA:321,2
DA:322,2
DA:323,2
DA:324,0
DA:325,0
DA:327,2
DA:328,2
DA:329,2
DA:330,2
DA:331,2
DA:333,2
DA:335,2
DA:343,2
DA:351,6
DA:356,6
DA:357,0
DA:359,0
DA:360,0
DA:361,0
DA:362,0
DA:365,0
DA:377,2
DA:385,2
DA:395,2
DA:402,2
DA:404,1
DA:419,1
LF:163
LH:152
BRDA:44,0,0,0
BRDA:46,1,0,1
BRDA:47,2,0,6
BRDA:48,3,0,9
BRDA:49,4,0,0
BRDA:49,4,1,0
BRDA:54,5,0,2
BRDA:57,6,0,2
BRDA:84,7,0,11
BRDA:84,7,1,1
BRDA:89,8,0,1
BRDA:89,8,1,10
BRDA:91,9,0,2
BRDA:95,10,0,3
BRDA:110,11,0,2
BRDA:116,12,0,6
BRDA:116,12,1,0
BRDA:122,13,0,6
BRDA:122,13,1,0
BRDA:127,14,0,1
BRDA:143,15,0,0
BRDA:145,16,0,0
BRDA:178,17,0,2
BRDA:181,18,0,1
BRDA:181,18,1,2
BRDA:190,19,0,1
BRDA:190,19,1,0
BRDA:192,20,0,2
BRDA:197,21,0,2
BRDA:210,22,0,1
BRDA:210,22,1,2
BRDA:217,23,0,1
BRDA:217,23,1,2
BRDA:227,24,0,1
BRDA:257,25,0,2
BRDA:257,26,0,8
BRDA:257,26,1,6
BRDA:272,27,0,1
BRDA:279,28,0,2
BRDA:279,29,0,5
BRDA:279,29,1,4
BRDA:291,30,0,1
BRDA:291,31,0,3
BRDA:291,31,1,3
BRDA:299,32,0,1
BRDA:307,33,0,0
BRDA:310,34,0,2
BRDA:310,34,1,0
BRDA:315,35,0,2
BRDA:315,35,1,0
BRDA:323,36,0,0
BRDA:325,37,0,0
BRDA:356,38,0,0
BRDA:402,39,0,1
BRDA:402,40,0,2
BRDA:402,40,1,2
BRDA:424,41,0,1
BRDA:424,41,1,0
BRF:58
BRH:43
end_of_record
TN:
SF:src\auth\dto\index.ts
FNF:0
FNH:0
DA:1,1
DA:2,1
DA:3,1
LF:3
LH:3
BRF:0
BRH:0
end_of_record
TN:
SF:src\auth\guards\jwt.guard.ts
FN:6,(anonymous_2)
FN:8,(anonymous_3)
FNF:2
FNH:2
FNDA:40,(anonymous_2)
FNDA:21,(anonymous_3)
DA:1,2
DA:2,2
DA:5,2
DA:6,40
DA:9,21
DA:10,21
DA:12,21
DA:13,2
DA:16,19
DA:17,19
DA:18,4
DA:21,15
DA:22,15
DA:23,2
DA:26,13
DA:27,2
DA:30,11
DA:31,11
DA:32,4
DA:33,4
DA:35,7
LF:21
LH:21
BRDA:12,0,0,2
BRDA:17,1,0,4
BRDA:22,2,0,2
BRDA:26,3,0,2
BRDA:26,4,0,13
BRDA:26,4,1,11
BRF:6
BRH:6
end_of_record
TN:
SF:src\auth\strategies\jwt.strategy.ts
FN:7,(anonymous_2)
FN:15,(anonymous_3)
FNF:2
FNH:2
FNDA:5,(anonymous_2)
FNDA:4,(anonymous_3)
DA:1,1
DA:2,1
DA:3,1
DA:6,1
DA:8,5
DA:16,4
LF:6
LH:6
BRDA:11,0,0,5
BRDA:11,0,1,0
BRF:2
BRH:1
end_of_record
TN:
SF:src\common\filters\index.ts
FNF:0
FNH:0
DA:1,0
LF:1
LH:0
BRF:0
BRH:0
end_of_record
TN:
SF:src\common\filters\throttle-exception.filter.ts
FN:10,(anonymous_1)
FN:13,(anonymous_2)
FNF:2
FNH:2
FNDA:7,(anonymous_1)
FNDA:6,(anonymous_2)
DA:1,1
DA:2,1
DA:10,1
DA:11,7
DA:14,6
DA:15,6
DA:16,6
DA:17,6
DA:20,6
DA:21,6
DA:22,6
DA:23,6
DA:26,6
DA:29,6
DA:33,6
LF:15
LH:15
BRDA:20,0,0,6
BRDA:20,0,1,2
BRDA:20,0,2,1
BRDA:21,1,0,6
BRDA:21,1,1,1
BRF:5
BRH:5
end_of_record
TN:
SF:src\common\http\service-http-client.service.ts
FN:58,(anonymous_2)
FN:65,(anonymous_3)
FN:73,(anonymous_4)
FN:82,(anonymous_5)
FN:91,(anonymous_6)
FN:99,(anonymous_7)
FN:131,(anonymous_8)
FN:164,(anonymous_9)
FN:168,(anonymous_10)
FN:186,(anonymous_11)
FN:188,(anonymous_12)
FN:206,(anonymous_13)
FN:235,(anonymous_14)
FN:236,(anonymous_15)
FNF:14
FNH:14
FNDA:16,(anonymous_2)
FNDA:12,(anonymous_3)
FNDA:1,(anonymous_4)
FNDA:1,(anonymous_5)
FNDA:1,(anonymous_6)
FNDA:15,(anonymous_7)
FNDA:15,(anonymous_8)
FNDA:14,(anonymous_9)
FNDA:14,(anonymous_10)
FNDA:13,(anonymous_11)
FNDA:1,(anonymous_12)
FNDA:5,(anonymous_13)
FNDA:16,(anonymous_14)
FNDA:96,(anonymous_15)
DA:1,1
DA:2,1
DA:11,1
DA:13,1
DA:22,1
DA:24,1
DA:54,1
DA:55,16
DA:56,16
DA:59,16
DA:60,16
DA:62,16
DA:70,12
DA:79,1
DA:88,1
DA:96,1
DA:106,15
DA:107,14
DA:108,13
DA:109,13
DA:110,13
DA:112,13
DA:119,13
DA:120,2
DA:123,13
DA:124,13
DA:125,8
DA:127,5
DA:132,15
DA:133,15
DA:135,15
DA:136,1
DA:137,1
DA:138,1
DA:139,1
DA:142,14
DA:143,14
DA:144,1
DA:148,13
DA:152,13
DA:153,0
DA:158,13
DA:159,13
DA:160,13
DA:161,13
DA:165,14
DA:169,14
DA:170,1
DA:173,13
DA:174,13
DA:175,13
DA:177,13
DA:178,0
DA:179,13
DA:180,0
DA:183,13
DA:187,13
DA:188,13
DA:189,13
DA:190,13
DA:192,13
DA:193,12
DA:194,12
DA:195,12
DA:199,13
DA:200,2
DA:203,13
DA:207,5
DA:209,5
DA:210,1
DA:213,4
DA:214,2
DA:215,2
DA:216,2
DA:217,1
DA:219,1
DA:222,2
DA:223,1
DA:224,1
DA:227,1
DA:232,1
DA:236,16
DA:238,96
DA:242,96
DA:243,0
LF:85
LH:81
BRDA:68,0,0,10
BRDA:77,1,0,1
BRDA:86,2,0,1
BRDA:94,3,0,1
BRDA:109,4,0,13
BRDA:109,4,1,12
BRDA:119,5,0,2
BRDA:133,6,0,0
BRDA:135,7,0,1
BRDA:135,8,0,15
BRDA:135,8,1,14
BRDA:143,9,0,1
BRDA:148,10,0,13
BRDA:148,10,1,0
BRDA:148,10,2,0
BRDA:152,11,0,0
BRDA:169,12,0,1
BRDA:174,13,0,13
BRDA:174,13,1,13
BRDA:177,14,0,0
BRDA:177,14,1,13
BRDA:177,15,0,13
BRDA:177,15,1,0
BRDA:179,16,0,0
BRDA:179,17,0,13
BRDA:179,17,1,13
BRDA:179,17,2,0
BRDA:187,18,0,13
BRDA:187,18,1,12
BRDA:192,19,0,12
BRDA:193,20,0,12
BRDA:193,20,1,0
BRDA:194,21,0,12
BRDA:199,22,0,2
BRDA:199,23,0,13
BRDA:199,23,1,2
BRDA:209,24,0,1
BRDA:213,25,0,2
BRDA:216,26,0,1
BRDA:222,27,0,1
BRDA:230,28,0,1
BRDA:230,28,1,0
BRDA:238,29,0,96
BRDA:238,29,1,0
BRDA:238,29,2,0
BRDA:242,30,0,0
BRDA:242,31,0,96
BRDA:242,31,1,96
BRF:48
BRH:35
end_of_record
TN:
SF:src\config\app.config.ts
FN:3,(anonymous_0)
FNF:1
FNH:0
FNDA:0,(anonymous_0)
DA:1,0
DA:3,0
LF:2
LH:0
BRDA:5,0,0,0
BRDA:5,0,1,0
BRF:2
BRH:0
end_of_record
TN:
SF:src\config\database.config.ts
FN:3,(anonymous_0)
FNF:1
FNH:0
FNDA:0,(anonymous_0)
DA:1,0
DA:3,0
LF:2
LH:0
BRDA:5,0,0,0
BRDA:5,0,1,0
BRF:2
BRH:0
end_of_record
TN:
SF:src\config\jwt.config.ts
FN:3,(anonymous_0)
FNF:1
FNH:0
FNDA:0,(anonymous_0)
DA:1,0
DA:3,0
LF:2
LH:0
BRF:0
BRH:0
end_of_record
TN:
SF:src\config\validation.schema.ts
FNF:0
FNH:0
DA:1,0
DA:7,0
LF:2
LH:0
BRF:0
BRH:0
end_of_record
TN:
SF:src\health\health.controller.ts
FN:6,(anonymous_2)
FN:9,(anonymous_3)
FNF:2
FNH:2
FNDA:3,(anonymous_2)
FNDA:2,(anonymous_3)
DA:1,1
DA:2,1
DA:5,1
DA:6,3
DA:9,1
DA:10,2
LF:6
LH:6
BRF:0
BRH:0
end_of_record
TN:
SF:src\health\health.service.ts
FN:5,(anonymous_1)
FNF:1
FNH:1
FNDA:2,(anonymous_1)
DA:1,2
DA:4,2
DA:6,2
LF:3
LH:3
BRF:0
BRH:0
end_of_record
